-------------------------------------------------------------------------------
Test set: com.revature.tier2.Answer2Tests
-------------------------------------------------------------------------------
Tests run: 1, Failures: 1, Errors: 0, Skipped: 0, Time elapsed: 0.427 s <<< FAILURE! - in com.revature.tier2.Answer2Tests
insertPremUserTest  Time elapsed: 0.423 s  <<< FAILURE!
org.opentest4j.AssertionFailedError: expected: <1> but was: <2>
	at com.revature.tier2.Answer2Tests.insertPremUserTest(Answer2Tests.java:47)

