<?xml version="1.0" encoding="UTF-8"?>
<testsuite xmlns:xsi="http://www.w3.org/2001/XMLSchema-instance" xsi:noNamespaceSchemaLocation="https://maven.apache.org/surefire/maven-surefire-plugin/xsd/surefire-test-report.xsd" name="com.revature.tier2.Answer1Tests" time="14.281" tests="1" errors="1" skipped="0" failures="0">
  <properties>
[...]
</properties>
  <testcase name="basicUserTest" classname="com.revature.tier2.Answer1Tests" time="14.275">
    <error message="org.hibernate.exception.GenericJDBCException: could not extract ResultSet" type="javax.persistence.PersistenceException">javax.persistence.PersistenceException: org.hibernate.exception.GenericJDBCException: could not extract ResultSet
	at com.revature.tier2.Answer1Tests.basicUserTest(Answer1Tests.java:42)
Caused by: org.hibernate.exception.GenericJDBCException: could not extract ResultSet
	at com.revature.tier2.Answer1Tests.basicUserTest(Answer1Tests.java:42)
Caused by: org.postgresql.util.PSQLException: No results were returned by the query.
	at com.revature.tier2.Answer1Tests.basicUserTest(Answer1Tests.java:42)
</error>
    <system-out><![CDATA[Hibernate: 
]]></system-out>
    <system-err><![CDATA[Nov 17, 2020 11:40:34 AM org.hibernate.Version logVersion
INFO: HHH000412: Hibernate ORM core version 5.4.12.Final
Nov 17, 2020 11:40:35 AM org.hibernate.annotations.common.reflection.java.JavaReflectionManager <clinit>
INFO: HCANN000001: Hibernate Commons Annotations {5.1.0.Final}
Nov 17, 2020 11:40:35 AM org.hibernate.engine.jdbc.connections.internal.DriverManagerConnectionProviderImpl configure
WARN: HHH10001002: Using Hibernate built-in connection pool (not for production use!)
Nov 17, 2020 11:40:35 AM org.hibernate.engine.jdbc.connections.internal.DriverManagerConnectionProviderImpl buildCreator
INFO: HHH10001005: using driver [org.postgresql.Driver] at URL [jdbc:postgresql://postgresql-class.cks98gmxels6.us-west-1.rds.amazonaws.com:5432/revassess_test]
Nov 17, 2020 11:40:35 AM org.hibernate.engine.jdbc.connections.internal.DriverManagerConnectionProviderImpl buildCreator
INFO: HHH10001001: Connection properties: {user=tester, password=****}
Nov 17, 2020 11:40:35 AM org.hibernate.engine.jdbc.connections.internal.DriverManagerConnectionProviderImpl buildCreator
INFO: HHH10001003: Autocommit mode: false
Nov 17, 2020 11:40:35 AM org.hibernate.engine.jdbc.connections.internal.DriverManagerConnectionProviderImpl buildCreator
INFO: HHH10001007: JDBC isolation level: SERIALIZABLE
Nov 17, 2020 11:40:35 AM org.hibernate.engine.jdbc.connections.internal.DriverManagerConnectionProviderImpl$PooledConnections <init>
INFO: HHH000115: Hibernate connection pool size: 1 (min=1)
Nov 17, 2020 11:40:37 AM org.hibernate.dialect.Dialect <init>
INFO: HHH000400: Using dialect: org.hibernate.dialect.PostgreSQL10Dialect
Nov 17, 2020 11:40:48 AM org.hibernate.engine.transaction.jta.platform.internal.JtaPlatformInitiator initiateService
INFO: HHH000490: Using JtaPlatform implementation: [org.hibernate.engine.transaction.jta.platform.internal.NoJtaPlatform]
Nov 17, 2020 11:40:48 AM org.hibernate.engine.jdbc.spi.SqlExceptionHelper logExceptions
WARN: SQL Error: 0, SQLState: 02000
Nov 17, 2020 11:40:48 AM org.hibernate.engine.jdbc.spi.SqlExceptionHelper logExceptions
ERROR: No results were returned by the query.
]]></system-err>
  </testcase>
</testsuite>